Performing C++ SOURCE FILE Test CMAKE_HAVE_LIBC_PTHREAD failed with the following output:
Change Dir: /home/mdudzisz/zpr/projekt/yaml-cpp-master/build/CMakeFiles/CMakeTmp

Run Build Command(s):/usr/bin/make cmTC_857f8/fast && /usr/bin/make -f CMakeFiles/cmTC_857f8.dir/build.make CMakeFiles/cmTC_857f8.dir/build
make[1]: Wejście do katalogu '/home/mdudzisz/zpr/projekt/yaml-cpp-master/build/CMakeFiles/CMakeTmp'
Building CXX object CMakeFiles/cmTC_857f8.dir/src.cxx.o
/usr/bin/c++    -DCMAKE_HAVE_LIBC_PTHREAD   -o CMakeFiles/cmTC_857f8.dir/src.cxx.o -c /home/mdudzisz/zpr/projekt/yaml-cpp-master/build/CMakeFiles/CMakeTmp/src.cxx
Linking CXX executable cmTC_857f8
/usr/bin/cmake -E cmake_link_script CMakeFiles/cmTC_857f8.dir/link.txt --verbose=1
/usr/bin/c++   -DCMAKE_HAVE_LIBC_PTHREAD    CMakeFiles/cmTC_857f8.dir/src.cxx.o  -o cmTC_857f8 
/usr/bin/ld: CMakeFiles/cmTC_857f8.dir/src.cxx.o: in function `main':
src.cxx:(.text+0x46): undefined reference to `pthread_create'
/usr/bin/ld: src.cxx:(.text+0x52): undefined reference to `pthread_detach'
/usr/bin/ld: src.cxx:(.text+0x63): undefined reference to `pthread_join'
collect2: error: ld returned 1 exit status
make[1]: *** [CMakeFiles/cmTC_857f8.dir/build.make:87: cmTC_857f8] Błąd 1
make[1]: Opuszczenie katalogu '/home/mdudzisz/zpr/projekt/yaml-cpp-master/build/CMakeFiles/CMakeTmp'
make: *** [Makefile:121: cmTC_857f8/fast] Błąd 2


Source file was:
#include <pthread.h>

void* test_func(void* data)
{
  return data;
}

int main(void)
{
  pthread_t thread;
  pthread_create(&thread, NULL, test_func, NULL);
  pthread_detach(thread);
  pthread_join(thread, NULL);
  pthread_atfork(NULL, NULL, NULL);
  pthread_exit(NULL);

  return 0;
}

Determining if the function pthread_create exists in the pthreads failed with the following output:
Change Dir: /home/mdudzisz/zpr/projekt/yaml-cpp-master/build/CMakeFiles/CMakeTmp

Run Build Command(s):/usr/bin/make cmTC_45d62/fast && /usr/bin/make -f CMakeFiles/cmTC_45d62.dir/build.make CMakeFiles/cmTC_45d62.dir/build
make[1]: Wejście do katalogu '/home/mdudzisz/zpr/projekt/yaml-cpp-master/build/CMakeFiles/CMakeTmp'
Building CXX object CMakeFiles/cmTC_45d62.dir/CheckFunctionExists.cxx.o
/usr/bin/c++    -DCHECK_FUNCTION_EXISTS=pthread_create   -o CMakeFiles/cmTC_45d62.dir/CheckFunctionExists.cxx.o -c /home/mdudzisz/zpr/projekt/yaml-cpp-master/build/CMakeFiles/CheckLibraryExists/CheckFunctionExists.cxx
Linking CXX executable cmTC_45d62
/usr/bin/cmake -E cmake_link_script CMakeFiles/cmTC_45d62.dir/link.txt --verbose=1
/usr/bin/c++   -DCHECK_FUNCTION_EXISTS=pthread_create    CMakeFiles/cmTC_45d62.dir/CheckFunctionExists.cxx.o  -o cmTC_45d62  -lpthreads 
/usr/bin/ld: cannot find -lpthreads
collect2: error: ld returned 1 exit status
make[1]: *** [CMakeFiles/cmTC_45d62.dir/build.make:87: cmTC_45d62] Błąd 1
make[1]: Opuszczenie katalogu '/home/mdudzisz/zpr/projekt/yaml-cpp-master/build/CMakeFiles/CMakeTmp'
make: *** [Makefile:121: cmTC_45d62/fast] Błąd 2



